{"/data/data/com.termux/files/home/SiempreContigo-/src/ia/deteccion-caidas.js": {"path":"/data/data/com.termux/files/home/SiempreContigo-/src/ia/deteccion-caidas.js","statementMap":{"0":{"start":{"line":1,"column":25},"end":{"line":1,"column":60}},"1":{"start":{"line":4,"column":2},"end":{"line":6,"column":3}},"2":{"start":{"line":5,"column":4},"end":{"line":5,"column":51}},"3":{"start":{"line":8,"column":37},"end":{"line":8,"column":42}},"4":{"start":{"line":9,"column":23},"end":{"line":9,"column":26}},"5":{"start":{"line":11,"column":2},"end":{"line":16,"column":3}},"6":{"start":{"line":12,"column":4},"end":{"line":12,"column":108}},"7":{"start":{"line":13,"column":4},"end":{"line":13,"column":81}},"8":{"start":{"line":15,"column":4},"end":{"line":15,"column":112}},"9":{"start":{"line":19,"column":0},"end":{"line":19,"column":35}}},"fnMap":{"0":{"name":"detectarCaida","decl":{"start":{"line":3,"column":15},"end":{"line":3,"column":28}},"loc":{"start":{"line":3,"column":36},"end":{"line":17,"column":1}},"line":3}},"branchMap":{"0":{"loc":{"start":{"line":4,"column":2},"end":{"line":6,"column":3}},"type":"if","locations":[{"start":{"line":4,"column":2},"end":{"line":6,"column":3}},{"start":{},"end":{}}],"line":4},"1":{"loc":{"start":{"line":4,"column":6},"end":{"line":4,"column":92}},"type":"binary-expr","locations":[{"start":{"line":4,"column":6},"end":{"line":4,"column":12}},{"start":{"line":4,"column":16},"end":{"line":4,"column":53}},{"start":{"line":4,"column":57},"end":{"line":4,"column":92}}],"line":4},"2":{"loc":{"start":{"line":11,"column":2},"end":{"line":16,"column":3}},"type":"if","locations":[{"start":{"line":11,"column":2},"end":{"line":16,"column":3}},{"start":{"line":14,"column":9},"end":{"line":16,"column":3}}],"line":11}},"s":{"0":2,"1":3,"2":1,"3":2,"4":2,"5":2,"6":2,"7":2,"8":0,"9":2},"f":{"0":3},"b":{"0":[1,2],"1":[3,3,2],"2":[2,0]},"_coverageSchema":"1a1c01bbd47fc00a2c39e90264f33305004495a9","hash":"f1180596d3f67cd1433518d303a73f592ed99735"}
,"/data/data/com.termux/files/home/SiempreContigo-/src/servicios/emergencias.js": {"path":"/data/data/com.termux/files/home/SiempreContigo-/src/servicios/emergencias.js","statementMap":{"0":{"start":{"line":3,"column":4},"end":{"line":3,"column":46}}},"fnMap":{"0":{"name":"enviarAlerta","decl":{"start":{"line":2,"column":16},"end":{"line":2,"column":28}},"loc":{"start":{"line":2,"column":38},"end":{"line":5,"column":1}},"line":2}},"branchMap":{},"s":{"0":2},"f":{"0":2},"b":{},"_coverageSchema":"1a1c01bbd47fc00a2c39e90264f33305004495a9","hash":"d4a3366d109f214b4d6c48ddd7f42411173190cd"}
}
