TN:
SF:SiempreContigo/src/ia/deteccion-caidas.js
FN:3,detectarCaida
FNF:1
FNH:1
FNDA:13,detectarCaida
DA:1,3
DA:4,13
DA:5,7
DA:8,6
DA:9,6
DA:11,6
DA:12,4
DA:13,4
DA:15,2
DA:19,3
LF:10
LH:10
BRDA:4,0,0,7
BRDA:4,0,1,6
BRDA:4,1,0,13
BRDA:4,1,1,11
BRDA:4,1,2,8
BRDA:11,2,0,4
BRDA:11,2,1,2
BRF:7
BRH:7
end_of_record
TN:
SF:SiempreContigo/src/servicios/emergencias.js
FN:2,enviarAlerta
FNF:1
FNH:1
FNDA:2,enviarAlerta
DA:3,2
LF:1
LH:1
BRF:0
BRH:0
end_of_record
TN:
SF:src/ia/deteccion-caidas.js
FN:13,detectarCaida
FNF:1
FNH:1
FNDA:3,detectarCaida
DA:3,2
DA:15,3
DA:16,1
DA:19,2
DA:20,2
DA:22,2
DA:24,2
DA:25,2
DA:26,2
DA:28,0
DA:31,0
DA:36,2
LF:12
LH:10
BRDA:15,0,0,1
BRDA:15,0,1,2
BRDA:15,1,0,3
BRDA:15,1,1,3
BRDA:15,1,2,2
BRDA:24,2,0,2
BRDA:24,2,1,0
BRF:7
BRH:6
end_of_record
TN:
SF:src/servicios/emergencias.js
FN:14,detectarCaida
FN:44,enviarAlerta
FNF:2
FNH:2
FNDA:10,detectarCaida
FNDA:5,enviarAlerta
DA:16,10
DA:17,2
DA:20,8
DA:23,8
DA:24,4
DA:28,4
DA:31,4
DA:32,3
DA:46,5
DA:50,3
LF:10
LH:10
BRDA:16,0,0,2
BRDA:16,0,1,8
BRDA:16,1,0,10
BRDA:16,1,1,9
BRDA:23,2,0,4
BRDA:23,2,1,4
BRDA:23,3,0,8
BRDA:23,3,1,6
BRDA:31,4,0,3
BRDA:31,4,1,1
BRF:10
BRH:10
end_of_record
